[INFO ] 2017-11-12 17:57:04.006 [main] SpringApplication - 
  .   ____          _            __ _ _
 /\\ / ___'_ __ _ _(_)_ __  __ _ \ \ \ \
( ( )\___ | '_ | '_| | '_ \/ _` | \ \ \ \
 \\/  ___)| |_)| | | | | || (_| |  ) ) ) )
  '  |____| .__|_| |_|_| |_\__, | / / / /
 =========|_|==============|___/=/_/_/_/
 :: Spring Boot ::        (v1.5.6.RELEASE)


[INFO ] 2017-11-12 17:57:04.026 [background-preinit] Version - HV000001: Hibernate Validator 5.2.4.Final
[INFO ] 2017-11-12 17:57:04.139 [main] DemoApplication - Starting DemoApplication on Jopa with PID 4804 (D:\work\git\camel\demo\target\classes started by Jopa in D:\work\git\camel\demo)
[INFO ] 2017-11-12 17:57:04.139 [main] DemoApplication - The following profiles are active: replayMode
[INFO ] 2017-11-12 17:57:04.181 [main] AnnotationConfigApplicationContext - Refreshing org.springframework.context.annotation.AnnotationConfigApplicationContext@179ece50: startup date [Sun Nov 12 17:57:04 EET 2017]; root of context hierarchy
[INFO ] 2017-11-12 17:57:04.913 [main] PostProcessorRegistrationDelegate$BeanPostProcessorChecker - Bean 'org.apache.camel.spring.boot.CamelAutoConfiguration' of type [org.apache.camel.spring.boot.CamelAutoConfiguration$$EnhancerBySpringCGLIB$$f28a59c1] is not eligible for getting processed by all BeanPostProcessors (for example: not eligible for auto-proxying)
[INFO ] 2017-11-12 17:57:05.807 [main] DefaultTypeConverter - Loaded 193 type converters
[INFO ] 2017-11-12 17:57:06.291 [main] AnnotationMBeanExporter - Registering beans for JMX exposure on startup
[INFO ] 2017-11-12 17:57:06.339 [main] RoutesCollector - Loading additional Camel XML routes from: classpath:camel/*.xml
[INFO ] 2017-11-12 17:57:06.339 [main] RoutesCollector - Loading additional Camel XML rests from: classpath:camel-rest/*.xml
[INFO ] 2017-11-12 17:57:06.340 [main] RoutesCollector - Starting CamelMainRunController to ensure the main thread keeps running
[INFO ] 2017-11-12 17:57:06.342 [CamelMainRunController] SpringCamelContext - Apache Camel 2.19.2 (CamelContext: camel-1) is starting
[INFO ] 2017-11-12 17:57:06.343 [CamelMainRunController] ManagedManagementStrategy - JMX is enabled
[INFO ] 2017-11-12 17:57:06.344 [main] DemoApplication - Started DemoApplication in 2.562 seconds (JVM running for 3.183)
[ERROR] 2017-11-12 17:57:06.344 [main] DemoApplication - Oops! We have an Error. OK
[INFO ] 2017-11-12 17:57:06.631 [CamelMainRunController] DefaultRuntimeEndpointRegistry - Runtime endpoint registry is in extended mode gathering usage statistics of all incoming and outgoing endpoints (cache limit: 1000)
[INFO ] 2017-11-12 17:57:06.752 [CamelMainRunController] SpringCamelContext - StreamCaching is not in use. If using streams then its recommended to enable stream caching. See more details at http://camel.apache.org/stream-caching.html
[INFO ] 2017-11-12 17:57:06.782 [CamelMainRunController] AggregateProcessor - Defaulting to MemoryAggregationRepository
[INFO ] 2017-11-12 17:57:06.804 [CamelMainRunController] SpringCamelContext - Route: replayRoute started and consuming from: timer://runOnce?repeatCount=1
[INFO ] 2017-11-12 17:57:06.806 [CamelMainRunController] SpringCamelContext - Route: processRoute started and consuming from: direct://process
[INFO ] 2017-11-12 17:57:06.807 [CamelMainRunController] SpringCamelContext - Route: shutdownRoute started and consuming from: direct://shutdown
[INFO ] 2017-11-12 17:57:06.809 [CamelMainRunController] SpringCamelContext - Total 3 routes, of which 3 are started.
[INFO ] 2017-11-12 17:57:06.810 [CamelMainRunController] SpringCamelContext - Apache Camel 2.19.2 (CamelContext: camel-1) started in 0.467 seconds
[INFO ] 2017-11-12 17:57:07.820 [Camel (camel-1) thread #0 - timer://runOnce] replayRoute - null
