[INFO ] 2017-11-16 23:16:13.884 [main] SpringApplication - 
  .   ____          _            __ _ _
 /\\ / ___'_ __ _ _(_)_ __  __ _ \ \ \ \
( ( )\___ | '_ | '_| | '_ \/ _` | \ \ \ \
 \\/  ___)| |_)| | | | | || (_| |  ) ) ) )
  '  |____| .__|_| |_|_| |_\__, | / / / /
 =========|_|==============|___/=/_/_/_/
 :: Spring Boot ::        (v1.5.6.RELEASE)


[INFO ] 2017-11-16 23:16:13.910 [background-preinit] Version - HV000001: Hibernate Validator 5.2.4.Final
[INFO ] 2017-11-16 23:16:13.973 [main] DemoApplication - Starting DemoApplication on Jopa with PID 1080 (D:\work\git\camel\demo\target\classes started by Jopa in D:\work\git\camel\demo)
[INFO ] 2017-11-16 23:16:13.973 [main] DemoApplication - The following profiles are active: regularMode
[INFO ] 2017-11-16 23:16:14.050 [main] AnnotationConfigApplicationContext - Refreshing org.springframework.context.annotation.AnnotationConfigApplicationContext@1a677343: startup date [Thu Nov 16 23:16:14 EET 2017]; root of context hierarchy
[INFO ] 2017-11-16 23:16:14.757 [main] PostProcessorRegistrationDelegate$BeanPostProcessorChecker - Bean 'org.apache.camel.spring.boot.CamelAutoConfiguration' of type [org.apache.camel.spring.boot.CamelAutoConfiguration$$EnhancerBySpringCGLIB$$7912d518] is not eligible for getting processed by all BeanPostProcessors (for example: not eligible for auto-proxying)
[INFO ] 2017-11-16 23:16:15.383 [main] DefaultTypeConverter - Loaded 193 type converters
[INFO ] 2017-11-16 23:16:15.753 [main] AnnotationMBeanExporter - Registering beans for JMX exposure on startup
[INFO ] 2017-11-16 23:16:15.797 [main] RoutesCollector - Loading additional Camel XML routes from: classpath:camel/*.xml
[INFO ] 2017-11-16 23:16:15.797 [main] RoutesCollector - Loading additional Camel XML rests from: classpath:camel-rest/*.xml
[INFO ] 2017-11-16 23:16:15.798 [main] RoutesCollector - Starting CamelMainRunController to ensure the main thread keeps running
[INFO ] 2017-11-16 23:16:15.800 [CamelMainRunController] SpringCamelContext - Apache Camel 2.19.2 (CamelContext: camel-1) is starting
[INFO ] 2017-11-16 23:16:15.801 [CamelMainRunController] ManagedManagementStrategy - JMX is enabled
[INFO ] 2017-11-16 23:16:15.801 [main] DemoApplication - Started DemoApplication in 2.105 seconds (JVM running for 2.629)
[INFO ] 2017-11-16 23:16:15.866 [CamelMainRunController] DefaultRuntimeEndpointRegistry - Runtime endpoint registry is in extended mode gathering usage statistics of all incoming and outgoing endpoints (cache limit: 1000)
[INFO ] 2017-11-16 23:16:15.956 [CamelMainRunController] SpringCamelContext - StreamCaching is not in use. If using streams then its recommended to enable stream caching. See more details at http://camel.apache.org/stream-caching.html
[INFO ] 2017-11-16 23:16:16.005 [CamelMainRunController] AggregateProcessor - Defaulting to MemoryAggregationRepository
[INFO ] 2017-11-16 23:16:16.020 [CamelMainRunController] SpringCamelContext - Route: route1 started and consuming from: file://.%5Csrc%5Cmain%5Cresources?antInclude=book_test1_*.xml
[INFO ] 2017-11-16 23:16:16.022 [CamelMainRunController] SpringCamelContext - Route: route1 started and consuming from: file://.%5Csrc%5Cmain%5Cresources?antInclude=book_test_*.xml
[INFO ] 2017-11-16 23:16:16.023 [CamelMainRunController] SpringCamelContext - Route: route2 started and consuming from: direct://fileCounter
[INFO ] 2017-11-16 23:16:16.023 [CamelMainRunController] SpringCamelContext - Route: endRoute started and consuming from: direct://end
[INFO ] 2017-11-16 23:16:16.024 [CamelMainRunController] SpringCamelContext - Route: route3 started and consuming from: direct://process
[INFO ] 2017-11-16 23:16:16.024 [CamelMainRunController] SpringCamelContext - Total 5 routes, of which 5 are started.
[INFO ] 2017-11-16 23:16:16.025 [CamelMainRunController] SpringCamelContext - Apache Camel 2.19.2 (CamelContext: camel-1) started in 0.225 seconds
[INFO ] 2017-11-16 23:18:00.143 [main] SpringApplication - 
  .   ____          _            __ _ _
 /\\ / ___'_ __ _ _(_)_ __  __ _ \ \ \ \
( ( )\___ | '_ | '_| | '_ \/ _` | \ \ \ \
 \\/  ___)| |_)| | | | | || (_| |  ) ) ) )
  '  |____| .__|_| |_|_| |_\__, | / / / /
 =========|_|==============|___/=/_/_/_/
 :: Spring Boot ::        (v1.5.6.RELEASE)


[INFO ] 2017-11-16 23:18:00.181 [background-preinit] Version - HV000001: Hibernate Validator 5.2.4.Final
[INFO ] 2017-11-16 23:18:00.214 [main] DemoApplication - Starting DemoApplication on Jopa with PID 4780 (D:\work\git\camel\demo\target\classes started by Jopa in D:\work\git\camel\demo)
[INFO ] 2017-11-16 23:18:00.215 [main] DemoApplication - The following profiles are active: regularMode
[INFO ] 2017-11-16 23:18:00.279 [main] AnnotationConfigApplicationContext - Refreshing org.springframework.context.annotation.AnnotationConfigApplicationContext@1a677343: startup date [Thu Nov 16 23:18:00 EET 2017]; root of context hierarchy
[INFO ] 2017-11-16 23:18:00.955 [main] PostProcessorRegistrationDelegate$BeanPostProcessorChecker - Bean 'org.apache.camel.spring.boot.CamelAutoConfiguration' of type [org.apache.camel.spring.boot.CamelAutoConfiguration$$EnhancerBySpringCGLIB$$7912d518] is not eligible for getting processed by all BeanPostProcessors (for example: not eligible for auto-proxying)
[INFO ] 2017-11-16 23:18:01.617 [main] DefaultTypeConverter - Loaded 193 type converters
[INFO ] 2017-11-16 23:18:01.999 [main] AnnotationMBeanExporter - Registering beans for JMX exposure on startup
[INFO ] 2017-11-16 23:18:02.049 [main] RoutesCollector - Loading additional Camel XML routes from: classpath:camel/*.xml
[INFO ] 2017-11-16 23:18:02.049 [main] RoutesCollector - Loading additional Camel XML rests from: classpath:camel-rest/*.xml
[INFO ] 2017-11-16 23:18:02.050 [main] RoutesCollector - Starting CamelMainRunController to ensure the main thread keeps running
[INFO ] 2017-11-16 23:18:02.052 [CamelMainRunController] SpringCamelContext - Apache Camel 2.19.2 (CamelContext: camel-1) is starting
[INFO ] 2017-11-16 23:18:02.053 [CamelMainRunController] ManagedManagementStrategy - JMX is enabled
[INFO ] 2017-11-16 23:18:02.053 [main] DemoApplication - Started DemoApplication in 2.113 seconds (JVM running for 2.634)
[INFO ] 2017-11-16 23:18:02.129 [CamelMainRunController] DefaultRuntimeEndpointRegistry - Runtime endpoint registry is in extended mode gathering usage statistics of all incoming and outgoing endpoints (cache limit: 1000)
[INFO ] 2017-11-16 23:18:02.248 [CamelMainRunController] SpringCamelContext - StreamCaching is not in use. If using streams then its recommended to enable stream caching. See more details at http://camel.apache.org/stream-caching.html
[INFO ] 2017-11-16 23:18:02.296 [CamelMainRunController] AggregateProcessor - Defaulting to MemoryAggregationRepository
[INFO ] 2017-11-16 23:18:02.310 [CamelMainRunController] SpringCamelContext - Route: route1 started and consuming from: file://.%5Csrc%5Cmain%5Cresources?antInclude=book_test_*.xml
[INFO ] 2017-11-16 23:18:02.313 [CamelMainRunController] SpringCamelContext - Route: route1 started and consuming from: file://.%5Csrc%5Cmain%5Cresources?antInclude=book_test1_*.xml
[INFO ] 2017-11-16 23:18:02.314 [CamelMainRunController] SpringCamelContext - Route: route2 started and consuming from: direct://fileCounter
[INFO ] 2017-11-16 23:18:02.314 [CamelMainRunController] SpringCamelContext - Route: endRoute started and consuming from: direct://end
[INFO ] 2017-11-16 23:18:02.315 [CamelMainRunController] SpringCamelContext - Route: route3 started and consuming from: direct://process
[INFO ] 2017-11-16 23:18:02.315 [CamelMainRunController] SpringCamelContext - Total 5 routes, of which 5 are started.
[INFO ] 2017-11-16 23:18:02.315 [CamelMainRunController] SpringCamelContext - Apache Camel 2.19.2 (CamelContext: camel-1) started in 0.263 seconds
[INFO ] 2017-11-16 23:18:09.402 [Camel (camel-1) thread #0 - file://.%5Csrc%5Cmain%5Cresources] XPathBuilder - Created default XPathFactory com.sun.org.apache.xpath.internal.jaxp.XPathFactoryImpl@524ad61e
[INFO ] 2017-11-16 23:18:09.575 [Camel (camel-1) thread #0 - file://.%5Csrc%5Cmain%5Cresources] route1 - 
[INFO ] 2017-11-16 23:18:46.132 [Camel (camel-1) thread #0 - file://.%5Csrc%5Cmain%5Cresources] route1 - 12345
[INFO ] 2017-11-16 23:19:59.524 [main] SpringApplication - 
  .   ____          _            __ _ _
 /\\ / ___'_ __ _ _(_)_ __  __ _ \ \ \ \
( ( )\___ | '_ | '_| | '_ \/ _` | \ \ \ \
 \\/  ___)| |_)| | | | | || (_| |  ) ) ) )
  '  |____| .__|_| |_|_| |_\__, | / / / /
 =========|_|==============|___/=/_/_/_/
 :: Spring Boot ::        (v1.5.6.RELEASE)


[INFO ] 2017-11-16 23:19:59.559 [background-preinit] Version - HV000001: Hibernate Validator 5.2.4.Final
[INFO ] 2017-11-16 23:19:59.646 [main] DemoApplication - Starting DemoApplication on Jopa with PID 2316 (D:\work\git\camel\demo\target\classes started by Jopa in D:\work\git\camel\demo)
[INFO ] 2017-11-16 23:19:59.646 [main] DemoApplication - The following profiles are active: regularMode
[INFO ] 2017-11-16 23:19:59.697 [main] AnnotationConfigApplicationContext - Refreshing org.springframework.context.annotation.AnnotationConfigApplicationContext@1a677343: startup date [Thu Nov 16 23:19:59 EET 2017]; root of context hierarchy
[INFO ] 2017-11-16 23:20:00.331 [main] PostProcessorRegistrationDelegate$BeanPostProcessorChecker - Bean 'org.apache.camel.spring.boot.CamelAutoConfiguration' of type [org.apache.camel.spring.boot.CamelAutoConfiguration$$EnhancerBySpringCGLIB$$30103b2c] is not eligible for getting processed by all BeanPostProcessors (for example: not eligible for auto-proxying)
[INFO ] 2017-11-16 23:20:00.964 [main] DefaultTypeConverter - Loaded 193 type converters
[INFO ] 2017-11-16 23:20:01.345 [main] AnnotationMBeanExporter - Registering beans for JMX exposure on startup
[INFO ] 2017-11-16 23:20:01.391 [main] RoutesCollector - Loading additional Camel XML routes from: classpath:camel/*.xml
[INFO ] 2017-11-16 23:20:01.392 [main] RoutesCollector - Loading additional Camel XML rests from: classpath:camel-rest/*.xml
[INFO ] 2017-11-16 23:20:01.392 [main] RoutesCollector - Starting CamelMainRunController to ensure the main thread keeps running
[INFO ] 2017-11-16 23:20:01.394 [CamelMainRunController] SpringCamelContext - Apache Camel 2.19.2 (CamelContext: camel-1) is starting
[INFO ] 2017-11-16 23:20:01.396 [main] DemoApplication - Started DemoApplication in 2.106 seconds (JVM running for 2.661)
[INFO ] 2017-11-16 23:20:01.397 [CamelMainRunController] ManagedManagementStrategy - JMX is enabled
[INFO ] 2017-11-16 23:20:01.466 [CamelMainRunController] DefaultRuntimeEndpointRegistry - Runtime endpoint registry is in extended mode gathering usage statistics of all incoming and outgoing endpoints (cache limit: 1000)
[INFO ] 2017-11-16 23:20:01.579 [CamelMainRunController] SpringCamelContext - StreamCaching is not in use. If using streams then its recommended to enable stream caching. See more details at http://camel.apache.org/stream-caching.html
[INFO ] 2017-11-16 23:20:01.637 [CamelMainRunController] AggregateProcessor - Defaulting to MemoryAggregationRepository
[INFO ] 2017-11-16 23:20:01.656 [CamelMainRunController] SpringCamelContext - Route: route1 started and consuming from: file://.%5Csrc%5Cmain%5Cresources?antInclude=book_test_*.xml
[INFO ] 2017-11-16 23:20:01.658 [CamelMainRunController] SpringCamelContext - Route: route1 started and consuming from: file://.%5Csrc%5Cmain%5Cresources?antInclude=book_test1_*.xml
[INFO ] 2017-11-16 23:20:01.659 [CamelMainRunController] SpringCamelContext - Route: route2 started and consuming from: direct://fileCounter
[INFO ] 2017-11-16 23:20:01.660 [CamelMainRunController] SpringCamelContext - Route: endRoute started and consuming from: direct://end
[INFO ] 2017-11-16 23:20:01.660 [CamelMainRunController] SpringCamelContext - Route: route3 started and consuming from: direct://process
[INFO ] 2017-11-16 23:20:01.661 [CamelMainRunController] SpringCamelContext - Total 5 routes, of which 5 are started.
[INFO ] 2017-11-16 23:20:01.661 [CamelMainRunController] SpringCamelContext - Apache Camel 2.19.2 (CamelContext: camel-1) started in 0.267 seconds
[INFO ] 2017-11-16 23:20:10.221 [Camel (camel-1) thread #0 - file://.%5Csrc%5Cmain%5Cresources] XPathBuilder - Created default XPathFactory com.sun.org.apache.xpath.internal.jaxp.XPathFactoryImpl@31ee75b2
[INFO ] 2017-11-16 23:20:18.357 [Camel (camel-1) thread #0 - file://.%5Csrc%5Cmain%5Cresources] route1 - 12345
[INFO ] 2017-11-16 23:21:31.349 [main] SpringApplication - 
  .   ____          _            __ _ _
 /\\ / ___'_ __ _ _(_)_ __  __ _ \ \ \ \
( ( )\___ | '_ | '_| | '_ \/ _` | \ \ \ \
 \\/  ___)| |_)| | | | | || (_| |  ) ) ) )
  '  |____| .__|_| |_|_| |_\__, | / / / /
 =========|_|==============|___/=/_/_/_/
 :: Spring Boot ::        (v1.5.6.RELEASE)


[INFO ] 2017-11-16 23:21:31.373 [background-preinit] Version - HV000001: Hibernate Validator 5.2.4.Final
[INFO ] 2017-11-16 23:21:31.417 [main] DemoApplication - Starting DemoApplication on Jopa with PID 6616 (D:\work\git\camel\demo\target\classes started by Jopa in D:\work\git\camel\demo)
[INFO ] 2017-11-16 23:21:31.417 [main] DemoApplication - The following profiles are active: regularMode
[INFO ] 2017-11-16 23:21:31.486 [main] AnnotationConfigApplicationContext - Refreshing org.springframework.context.annotation.AnnotationConfigApplicationContext@1a677343: startup date [Thu Nov 16 23:21:31 EET 2017]; root of context hierarchy
[INFO ] 2017-11-16 23:21:32.145 [main] PostProcessorRegistrationDelegate$BeanPostProcessorChecker - Bean 'org.apache.camel.spring.boot.CamelAutoConfiguration' of type [org.apache.camel.spring.boot.CamelAutoConfiguration$$EnhancerBySpringCGLIB$$f561ae27] is not eligible for getting processed by all BeanPostProcessors (for example: not eligible for auto-proxying)
[INFO ] 2017-11-16 23:21:32.770 [main] DefaultTypeConverter - Loaded 193 type converters
[INFO ] 2017-11-16 23:21:33.138 [main] AnnotationMBeanExporter - Registering beans for JMX exposure on startup
[INFO ] 2017-11-16 23:21:33.189 [main] RoutesCollector - Loading additional Camel XML routes from: classpath:camel/*.xml
[INFO ] 2017-11-16 23:21:33.189 [main] RoutesCollector - Loading additional Camel XML rests from: classpath:camel-rest/*.xml
[INFO ] 2017-11-16 23:21:33.190 [main] RoutesCollector - Starting CamelMainRunController to ensure the main thread keeps running
[INFO ] 2017-11-16 23:21:33.192 [CamelMainRunController] SpringCamelContext - Apache Camel 2.19.2 (CamelContext: camel-1) is starting
[INFO ] 2017-11-16 23:21:33.193 [main] DemoApplication - Started DemoApplication in 2.015 seconds (JVM running for 2.514)
[INFO ] 2017-11-16 23:21:33.194 [CamelMainRunController] ManagedManagementStrategy - JMX is enabled
[INFO ] 2017-11-16 23:21:33.262 [CamelMainRunController] DefaultRuntimeEndpointRegistry - Runtime endpoint registry is in extended mode gathering usage statistics of all incoming and outgoing endpoints (cache limit: 1000)
[INFO ] 2017-11-16 23:21:33.382 [CamelMainRunController] SpringCamelContext - StreamCaching is not in use. If using streams then its recommended to enable stream caching. See more details at http://camel.apache.org/stream-caching.html
[INFO ] 2017-11-16 23:21:33.441 [CamelMainRunController] AggregateProcessor - Defaulting to MemoryAggregationRepository
[INFO ] 2017-11-16 23:21:33.458 [CamelMainRunController] SpringCamelContext - Route: route1 started and consuming from: file://.%5Csrc%5Cmain%5Cresources?antInclude=book_test1_*.xml
[INFO ] 2017-11-16 23:21:33.461 [CamelMainRunController] SpringCamelContext - Route: route1 started and consuming from: file://.%5Csrc%5Cmain%5Cresources?antInclude=book_test_*.xml
[INFO ] 2017-11-16 23:21:33.462 [CamelMainRunController] SpringCamelContext - Route: route2 started and consuming from: direct://fileCounter
[INFO ] 2017-11-16 23:21:33.463 [CamelMainRunController] SpringCamelContext - Route: endRoute started and consuming from: direct://end
[INFO ] 2017-11-16 23:21:33.464 [CamelMainRunController] SpringCamelContext - Route: route3 started and consuming from: direct://process
[INFO ] 2017-11-16 23:21:33.464 [CamelMainRunController] SpringCamelContext - Total 5 routes, of which 5 are started.
[INFO ] 2017-11-16 23:21:33.465 [CamelMainRunController] SpringCamelContext - Apache Camel 2.19.2 (CamelContext: camel-1) started in 0.273 seconds
[INFO ] 2017-11-16 23:21:45.520 [Camel (camel-1) thread #1 - file://.%5Csrc%5Cmain%5Cresources] XPathBuilder - Created default XPathFactory com.sun.org.apache.xpath.internal.jaxp.XPathFactoryImpl@24b5d654
[INFO ] 2017-11-16 23:21:54.043 [Camel (camel-1) thread #1 - file://.%5Csrc%5Cmain%5Cresources] route1 - 12345
[INFO ] 2017-11-16 23:22:34.330 [Camel (camel-1) thread #1 - file://.%5Csrc%5Cmain%5Cresources] route1 - the end
