1519759901991:query
1519760332652:stacktrace
1519760891805:query
1519760902313:stacktrace
1519761838526:ery
1519761853004:query
1519762645806:stacktrace
1519763393765:compute
1519763403487:stacktrace
1519763676517:query
1519763684750:compute
1519763736329:query
1519763740486:ompute
1519763744714:compute
1519763750123:query
1519764665457:compute
1519765032385:query
1519765044139:stacktrace
1519765285396:ery
1519765291899:query
1519765301812:stacktrace
1519765646756:query
1519765659448:compute
1519766755869:query
1519766892927:stacktrace
1519767172072:querybi
1519767595122:uerybi
1519767601465:querybi
1519938727539:size
1519938732972:get 1
1519938828900:size
1519939090829:get 1
1519939113973:stacktrace
1519939129569:add 1
1519939170589:get 1
1519939195170:get 0
1519939198759:get 1
1519939205467:get 2
1519939216349:get 3
1519939299320:cacheadd
1519939304549:get 3
1519939315416:get 103
1519939323596:get 100
1519939329188:get 102
1519939333714:get 101
1519939355186:get 2
1519939500233:cacheadd
1519939503541:size
1519939508571:get 200
1519943302027:size
1519943386592:mem
1519943416388:cacheadd
1519943420056:size
1519943426715:mem
1519943460086:cacheadd
1519943462665:mem
1519943517901:size
1519944053612:mem
1519944058091:mem2
1519944590435:size
1519944596548:m
1519944601118:mem2
1519944608102:cacheadd
1519944612353:mem2
1519944619645:cacheadd
1519944625440:mem2
