1540230351514:testcompute
1540230358728:startcompute
1542053241705:stacktrace
1542053654454:startcompute
1542133095912:init
1542133109031:startcompute
1542135234534:startcompute2
1542222119508:startcompute
1542222126888:startcompute2
1542223041537:startcompute3
1542312576986:23
1542312579376:startcompute3
1542312606135:stacktrace
1542312639483:startcompute3
1542315780032:startcompute
1542315893782:startcompute3
1542316777430:init
1542316995141:startcompute3
1542317003425:init3
1542317012179:init
1542317473332:startcompute3
1542317481832:init
1542317495032:get test 1
1542317723562:startcompute3
1542317733522:init
1542317741884:get test 1
1542318014968:startcompute3
1542318034435:init
1542318047931:get 1
1542318050053:get 2
1542318279631:startcompute3
1542318294357:get 1
1542318299560:init
1542318320682:get 11
1542318324566:get 20
1542318329225:get 21
1542318333856:get 20
1542318581908:startcompute3
1542318591951:get 1
1542318943111:startcompute3
1542319051004:init
1542319333998:startcompute3
1542319342173:init
1542319362917:startcompute1
1542319367369:startcompute
1542319377772:startcompute2
1542319382853:startcompute
1542319393056:init
1542319405489:startcompute
1542319541791:init
1542319769923:startcompute3
1542319779002:init
1542319935060:startcompute3
1542319950234:init
1542320210299:startcompute3
1542320221511:init
1542320316111:startcompute3
1542320326573:init
